[debug] [2022-01-18T19:33:00.424Z] ----------------------------------------------------------------------
[debug] [2022-01-18T19:33:00.426Z] Command:       C:\Program Files\nodejs\node.exe C:\Users\Gaston\AppData\Roaming\npm\node_modules\firebase-tools\lib\bin\firebase.js init
[debug] [2022-01-18T19:33:00.426Z] CLI Version:   10.1.0
[debug] [2022-01-18T19:33:00.426Z] Platform:      win32
[debug] [2022-01-18T19:33:00.427Z] Node Version:  v14.18.0
[debug] [2022-01-18T19:33:00.428Z] Time:          Tue Jan 18 2022 16:33:00 GMT-0300 (hora estándar de Argentina)
[debug] [2022-01-18T19:33:00.428Z] ----------------------------------------------------------------------
[debug] 
[debug] [2022-01-18T19:33:00.490Z] > command requires scopes: ["email","openid","https://www.googleapis.com/auth/cloudplatformprojects.readonly","https://www.googleapis.com/auth/firebase","https://www.googleapis.com/auth/cloud-platform"]
[debug] [2022-01-18T19:33:00.490Z] > authorizing via signed-in user (ggtrotteyn@gmail.com)
[info] 
     ######## #### ########  ######## ########     ###     ######  ########
     ##        ##  ##     ## ##       ##     ##  ##   ##  ##       ##
     ######    ##  ########  ######   ########  #########  ######  ######
     ##        ##  ##    ##  ##       ##     ## ##     ##       ## ##
     ##       #### ##     ## ######## ########  ##     ##  ######  ########

You're about to initialize a Firebase project in this directory:

  D:\PROGRAMACION\PATAVANS\codigo

Before we get started, keep in mind:

  * You are initializing within an existing Firebase project directory

[info] 
=== Project Setup
[info] 
[info] First, let's associate this project directory with a Firebase project.
[info] You can create multiple project aliases by running firebase use --add, 
[info] but for now we'll just set up a default project.
[info] 
[debug] [2022-01-18T19:33:12.233Z] Using project from CLI flag: patavans1
[debug] [2022-01-18T19:33:12.236Z] > refreshing access token with scopes: []
[debug] [2022-01-18T19:33:12.236Z] >>> HTTP REQUEST POST https://www.googleapis.com/oauth2/v3/token  
 <request body omitted>
[debug] [2022-01-18T19:33:12.429Z] <<< HTTP RESPONSE 400 {"pragma":"no-cache","date":"Tue, 18 Jan 2022 19:33:11 GMT","expires":"Mon, 01 Jan 1990 00:00:00 GMT","cache-control":"no-cache, no-store, max-age=0, must-revalidate","content-type":"application/json; charset=utf-8","vary":"X-Origin, Referer, Origin,Accept-Encoding","server":"scaffolding on HTTPServer2","x-xss-protection":"0","x-frame-options":"SAMEORIGIN","x-content-type-options":"nosniff","alt-svc":"h3=\":443\"; ma=2592000,h3-29=\":443\"; ma=2592000,h3-Q050=\":443\"; ma=2592000,h3-Q046=\":443\"; ma=2592000,h3-Q043=\":443\"; ma=2592000,quic=\":443\"; ma=2592000; v=\"46,43\"","accept-ranges":"none","transfer-encoding":"chunked"}
[debug] [2022-01-18T19:33:12.430Z] >>> [apiv2][query] GET https://firebase.googleapis.com/v1beta1/projects/patavans1 [none]
[debug] [2022-01-18T19:33:13.408Z] <<< [apiv2][status] GET https://firebase.googleapis.com/v1beta1/projects/patavans1 401
[debug] [2022-01-18T19:33:13.408Z] <<< [apiv2][body] GET https://firebase.googleapis.com/v1beta1/projects/patavans1 {"error":{"code":401,"message":"Request had invalid authentication credentials. Expected OAuth 2 access token, login cookie or other valid authentication credential. See https://developers.google.com/identity/sign-in/web/devconsole-project.","status":"UNAUTHENTICATED"}}
[debug] [2022-01-18T19:33:13.410Z] HTTP Error: 401, Request had invalid authentication credentials. Expected OAuth 2 access token, login cookie or other valid authentication credential. See https://developers.google.com/identity/sign-in/web/devconsole-project.
[debug] [2022-01-18T19:33:13.519Z] FirebaseError: HTTP Error: 401, Request had invalid authentication credentials. Expected OAuth 2 access token, login cookie or other valid authentication credential. See https://developers.google.com/identity/sign-in/web/devconsole-project.
    at module.exports (C:\Users\Gaston\AppData\Roaming\npm\node_modules\firebase-tools\lib\responseToError.js:38:12)
    at Client.doRequest (C:\Users\Gaston\AppData\Roaming\npm\node_modules\firebase-tools\lib\apiv2.js:241:23)
    at processTicksAndRejections (internal/process/task_queues.js:95:5)
    at async Client.request (C:\Users\Gaston\AppData\Roaming\npm\node_modules\firebase-tools\lib\apiv2.js:96:20)
    at async getFirebaseProject (C:\Users\Gaston\AppData\Roaming\npm\node_modules\firebase-tools\lib\management\projects.js:290:21)
    at async Object.doSetup [as project] (C:\Users\Gaston\AppData\Roaming\npm\node_modules\firebase-tools\lib\init\features\project.js:85:27)
    at async init (C:\Users\Gaston\AppData\Roaming\npm\node_modules\firebase-tools\lib\init\index.js:19:9)
[error] 
[error] Error: Failed to get Firebase project patavans1. Please make sure the project exists and your account has permission to access it.
